--------------------------------------------------------------
KEPCONVERT --  infile=data\kplr000757076-2011271113734_INJECTED-inj1_llc.fits outfile=data\kplr000757076-2011271113734_INJECTED-inj1_llc.csv conversion=fits2csv columns=['TIME', 'SAP_FLUX', 'SAP_FLUX_ERR', 'SAP_QUALITY'] baddata=True overwrite=False verbose=False logfile=kepconvert.log

--------------------------------------------------------------
KEPCONVERT --  infile=data\kplr000757076-2011271113734_INJECTED-inj1_llc.fits outfile=data\kplr000757076-2011271113734_INJECTED-inj1_llc.csv conversion=fits2csv columns=TIME,SAP_FLUX,SAP_FLUX_ERR,SAP_QUALITY baddata=True overwrite=False verbose=False logfile=kepconvert.log

--------------------------------------------------------------
KEPCONVERT --  infile=data\kplr000757076-2011271113734_INJECTED-inj1_llc.fits outfile=data\kplr000757076-2011271113734_INJECTED-inj1_llc.csv conversion=fits2csv columns=TIME,SAP_FLUX, PDCSAP_FLUX,SAP_FLUX_ERR,SAP_QUALITY baddata=True overwrite=False verbose=False logfile=kepconvert.log

ERROR -- KEPCONVERT: data\kplr000757076-2011271113734_INJECTED-inj1_llc.csv exists. Use --overwrite
--------------------------------------------------------------
KEPCONVERT --  infile=data\kplr000757076-2011271113734_INJECTED-inj1_llc.fits outfile=data\kplr000757076-2011271113734_INJECTED-inj1_llc.csv conversion=fits2csv columns=TIME,SAP_FLUX, PDCSAP_FLUX,SAP_FLUX_ERR,SAP_QUALITY baddata=True overwrite=False verbose=False logfile=kepconvert.log

ERROR -- KEPCONVERT: no column  PDCSAP_FLUX in data\kplr000757076-2011271113734_INJECTED-inj1_llc.fits
--------------------------------------------------------------
KEPCONVERT --  infile=data\kplr000757076-2011271113734_INJECTED-inj1_llc.fits outfile=data\kplr000757076-2011271113734_INJECTED-inj1_llc.csv conversion=fits2csv columns=TIME,SAP_FLUX, pdcsap_flux,SAP_FLUX_ERR,SAP_QUALITY baddata=True overwrite=False verbose=False logfile=kepconvert.log

ERROR -- KEPCONVERT: no column  pdcsap_flux in data\kplr000757076-2011271113734_INJECTED-inj1_llc.fits
--------------------------------------------------------------
KEPCONVERT --  infile=data\kplr000757076-2011271113734_INJECTED-inj1_llc.fits outfile=data\kplr000757076-2011271113734_INJECTED-inj1_llc.csv conversion=fits2csv columns=TIME,SAP_FLUX, PDCSAPFL, SAP_FLUX_ERR,SAP_QUALITY baddata=True overwrite=False verbose=False logfile=kepconvert.log

ERROR -- KEPCONVERT: no column  PDCSAPFL in data\kplr000757076-2011271113734_INJECTED-inj1_llc.fits
--------------------------------------------------------------
KEPCONVERT --  infile=data\kplr000757076-2011271113734_INJECTED-inj1_llc.fits outfile=data\kplr000757076-2011271113734_INJECTED-inj1_llc.csv conversion=fits2csv columns=TIME,SAP_FLUX, PDCSAP, SAP_FLUX_ERR,SAP_QUALITY baddata=True overwrite=False verbose=False logfile=kepconvert.log

ERROR -- KEPCONVERT: no column  PDCSAP in data\kplr000757076-2011271113734_INJECTED-inj1_llc.fits
--------------------------------------------------------------
KEPCONVERT --  infile=data\kplr000757076-2011271113734_INJECTED-inj1_llc.fits outfile=data\kplr000757076-2011271113734_INJECTED-inj1_llc.csv conversion=fits2csv columns=TIME,SAP_FLUX, PDCSAP_FLUX, SAP_FLUX_ERR,SAP_QUALITY baddata=True overwrite=False verbose=False logfile=kepconvert.log

ERROR -- KEPCONVERT: no column  PDCSAP_FLUX in data\kplr000757076-2011271113734_INJECTED-inj1_llc.fits
--------------------------------------------------------------
KEPCONVERT --  infile=data\kplr000757076-2011271113734_INJECTED-inj1_llc.fits outfile=data\kplr000757076-2011271113734_INJECTED-inj1_llc.csv conversion=fits2csv columns=TIME,SAP_FLUX, PDCSAP_FLUX, SAP_FLUX_ERR,SAP_QUALITY baddata=True overwrite=False verbose=False logfile=kepconvert.log

ERROR -- KEPCONVERT: no column  PDCSAP_FLUX in data\kplr000757076-2011271113734_INJECTED-inj1_llc.fits
--------------------------------------------------------------
KEPCONVERT --  infile=data\kplr000757076-2011271113734_INJECTED-inj1_llc.fits outfile=data\kplr000757076-2011271113734_INJECTED-inj1_llc.csv conversion=fits2csv columns=TIME,SAP_FLUX,PDCSAP_FLUX,SAP_FLUX_ERR,SAP_QUALITY baddata=True overwrite=False verbose=False logfile=kepconvert.log

--------------------------------------------------------------
KEPCONVERT --  infile=data\kplr000757076-2011271113734_INJECTED-inj1_llc.fits.gz outfile=data\kplr000757076-2011271113734_INJECTED-inj1_llc.csv conversion=fits2csv columns=TIME,SAP_FLUX,PDCSAP_FLUX,SAP_FLUX_ERR,SAP_QUALITY baddata=True overwrite=False verbose=False logfile=kepconvert.log

--------------------------------------------------------------
KEPCONVERT --  infile=data\kplr000757076-2011271113734_INJECTED-inj1_llc.fits.gz outfile=data\kplr000757076-2011271113734_INJECTED-inj1_llc.csv conversion=fits2csv columns=TIME,SAP_FLUX,PDCSAP_FLUX,SAP_FLUX_ERR,SAP_QUALITY baddata=True overwrite=False verbose=False logfile=kepconvert.log

--------------------------------------------------------------
KEPCONVERT --  infile=data\kplr000757076-2011271113734_INJECTED-inj1_llc.fits.gz outfile=data\kplr000757076-2011271113734_INJECTED-inj1_llc.csv conversion=fits2csv columns=TIME,SAP_FLUX,PDCSAP_FLUX,SAP_FLUX_ERR,SAP_QUALITY baddata=True overwrite=False verbose=False logfile=kepconvert.log

ERROR -- KEPCONVERT: data\kplr000757076-2011271113734_INJECTED-inj1_llc.csv exists. Use --overwrite
--------------------------------------------------------------
KEPCONVERT --  infile=data\fits\kplr010471515-2009131105131_llc.fits outfile=data\kplr000757076-2011271113734_INJECTED-inj1_llc.csv conversion=fits2csv columns=TIME,SAP_FLUX,PDCSAP_FLUX,SAP_FLUX_ERR,SAP_QUALITY baddata=True overwrite=False verbose=False logfile=kepconvert.log

--------------------------------------------------------------
KEPCONVERT --  infile=data\fits\kplr010471515-2009131105131_llc.fits outfile=data\kplr000757076-2011271113734_INJECTED-inj1_llc.csv conversion=fits2csv columns=TIME,SAP_FLUX,PDCSAP_FLUX,SAP_FLUX_ERR,SAP_QUALITY baddata=True overwrite=False verbose=False logfile=kepconvert.log

ERROR -- KEPCONVERT: data\kplr000757076-2011271113734_INJECTED-inj1_llc.csv exists. Use --overwrite
