--------------------------------------------------------------
KEPDRAW --  infile=data\kplr000757076-2011271113734_INJECTED-inj1_llc.fits.gz outfile=data\kplr000757076-2011271113734_INJECTED-inj1_llc-kepdraw.png datacol=PDCSAP_FLUX ploterr=False errcol=SAP_FLUX_ERR quality=False lcolor=#363636 lwidth=1.0 fcolor=#a8a7a7 falpha=0.2 labelsize=20 ticksize=14 xsize=18.0 ysize=6.0 fullrange=False chooserange=False ymin=0 ymax=10000.0 plotgrid=False ylabel=e$^-$ s$^{-1}$ plottype=fast verbose=False logfile=kepdraw.log

--------------------------------------------------------------
KEPDRAW --  infile=data\kplr000757076-2011271113734_INJECTED-inj1_llc.fits.gz outfile=data\kplr000757076-2011271113734_INJECTED-inj1_llc-kepdraw.png datacol=PDCSAP_FLUX ploterr=False errcol=SAP_FLUX_ERR quality=False lcolor=#363636 lwidth=1.0 fcolor=#a8a7a7 falpha=0.2 labelsize=20 ticksize=14 xsize=3000 ysize=6.0 fullrange=False chooserange=False ymin=0 ymax=10000.0 plotgrid=False ylabel=e$^-$ s$^{-1}$ plottype=fast verbose=False logfile=kepdraw.log

--------------------------------------------------------------
KEPDRAW --  infile=data\kplr000757076-2011271113734_INJECTED-inj1_llc.fits.gz outfile=data\kplr000757076-2011271113734_INJECTED-inj1_llc-kepdraw.png datacol=PDCSAP_FLUX ploterr=False errcol=SAP_FLUX_ERR quality=False lcolor=#363636 lwidth=1.0 fcolor=#a8a7a7 falpha=0.2 labelsize=20 ticksize=14 xsize=18.0 ysize=6.0 fullrange=False chooserange=False ymin=0 ymax=10000.0 plotgrid=False ylabel=e$^-$ s$^{-1}$ plottype=fast verbose=False logfile=kepdraw.log

--------------------------------------------------------------
KEPDRAW --  infile=data\kplr000757076-2011271113734_INJECTED-inj1_llc.fits.gz outfile=data\kplr000757076-2011271113734_INJECTED-inj1_llc-kepdraw.png datacol=None ploterr=False errcol=SAP_FLUX_ERR quality=False lcolor=#363636 lwidth=1.0 fcolor=#a8a7a7 falpha=0.2 labelsize=20 ticksize=14 xsize=18.0 ysize=6.0 fullrange=False chooserange=False ymin=0 ymax=10000.0 plotgrid=False ylabel=e$^-$ s$^{-1}$ plottype=fast verbose=False logfile=kepdraw.log

--------------------------------------------------------------
KEPDRAW --  infile=data\kplr005300619-2011271113734_INJECTED-inj1_llc.fits.gz outfile=data\kplr005300619-2011271113734_INJECTED-inj1_llc-kepdraw.png datacol=None ploterr=False errcol=SAP_FLUX_ERR quality=False lcolor=#363636 lwidth=1.0 fcolor=#a8a7a7 falpha=0.2 labelsize=20 ticksize=14 xsize=18.0 ysize=6.0 fullrange=False chooserange=False ymin=0 ymax=10000.0 plotgrid=False ylabel=e$^-$ s$^{-1}$ plottype=fast verbose=False logfile=kepdraw.log

--------------------------------------------------------------
KEPDRAW --  infile=data\kplr005300619-2011271113734_INJECTED-inj1_llc.fits.gz outfile=data\kplr005300619-2011271113734_INJECTED-inj1_llc-kepdraw.png datacol=SAP_FLUX ploterr=False errcol=SAP_FLUX_ERR quality=False lcolor=#363636 lwidth=1.0 fcolor=#a8a7a7 falpha=0.2 labelsize=20 ticksize=14 xsize=18.0 ysize=6.0 fullrange=False chooserange=False ymin=0 ymax=10000.0 plotgrid=False ylabel=e$^-$ s$^{-1}$ plottype=fast verbose=False logfile=kepdraw.log

--------------------------------------------------------------
KEPDRAW --  infile=data\kplr005300619-2011271113734_INJECTED-inj1_llc.fits.gz outfile=data\kplr005300619-2011271113734_INJECTED-inj1_llc-kepdraw.png datacol=None ploterr=False errcol=SAP_FLUX_ERR quality=False lcolor=#363636 lwidth=1.0 fcolor=#a8a7a7 falpha=0.2 labelsize=20 ticksize=14 xsize=18.0 ysize=6.0 fullrange=False chooserange=False ymin=0 ymax=10000.0 plotgrid=False ylabel=e$^-$ s$^{-1}$ plottype=fast verbose=False logfile=kepdraw.log

--------------------------------------------------------------
KEPDRAW --  infile=data\kplr005300619-2011271113734_INJECTED-inj1_llc.fits.gz outfile=data\kplr005300619-2011271113734_INJECTED-inj1_llc-kepdraw.png datacol=None ploterr=False errcol=SAP_FLUX_ERR quality=False lcolor=#363636 lwidth=1.0 fcolor=#a8a7a7 falpha=0.2 labelsize=20 ticksize=14 xsize=18.0 ysize=6.0 fullrange=True chooserange=False ymin=0 ymax=10000.0 plotgrid=False ylabel=e$^-$ s$^{-1}$ plottype=fast verbose=False logfile=kepdraw.log

--------------------------------------------------------------
KEPDRAW --  infile=data\kplr005300619-2011271113734_INJECTED-inj1_llc.fits.gz outfile=data\kplr005300619-2011271113734_INJECTED-inj1_llc-kepdraw.png datacol=None ploterr=False errcol=SAP_FLUX_ERR quality=False lcolor=#363636 lwidth=1.0 fcolor=#a8a7a7 falpha=0.2 labelsize=20 ticksize=14 xsize=18.0 ysize=6.0 fullrange=False chooserange=False ymin=0 ymax=10000.0 plotgrid=False ylabel=e$^-$ s$^{-1}$ plottype=fast verbose=False logfile=kepdraw.log

--------------------------------------------------------------
KEPDRAW --  infile=data\kplr005300619-2011271113734_INJECTED-inj1_llc.fits.gz outfile=data\kplr005300619-2011271113734_INJECTED-inj1_llc-kepdraw.png datacol=None ploterr=False errcol=SAP_FLUX_ERR quality=False lcolor=#363636 lwidth=1.0 fcolor=#a8a7a7 falpha=0.2 labelsize=20 ticksize=14 xsize=18.0 ysize=6.0 fullrange=False chooserange=False ymin=0 ymax=10000.0 plotgrid=False ylabel=e$^-$ s$^{-1}$ plottype=pretty verbose=False logfile=kepdraw.log

--------------------------------------------------------------
KEPDRAW --  infile=data\kplr005300619-2011271113734_INJECTED-inj1_llc.fits.gz outfile=data\kplr005300619-2011271113734_INJECTED-inj1_llc-kepdraw.png datacol=None ploterr=False errcol=SAP_FLUX_ERR quality=False lcolor=#363636 lwidth=1.0 fcolor=#a8a7a7 falpha=0.2 labelsize=20 ticksize=14 xsize=18.0 ysize=6.0 fullrange=False chooserange=False ymin=0 ymax=10000.0 plotgrid=False ylabel=e$^-$ s$^{-1}$ plottype=pretty verbose=False logfile=kepdraw.log

--------------------------------------------------------------
KEPDRAW --  infile=data\fits\kplr010471515-2009131105131_llc.fits outfile=data\fits\kplr010471515-2009131105131_llc-kepdraw.png datacol=None ploterr=False errcol=SAP_FLUX_ERR quality=False lcolor=#363636 lwidth=1.0 fcolor=#a8a7a7 falpha=0.2 labelsize=20 ticksize=14 xsize=18.0 ysize=6.0 fullrange=False chooserange=False ymin=0 ymax=10000.0 plotgrid=False ylabel=e$^-$ s$^{-1}$ plottype=pretty verbose=False logfile=kepdraw.log

--------------------------------------------------------------
KEPDRAW --  infile=data\fits\kplr010471515-2009131105131_llc.fits outfile=data\fits\kplr010471515-2009131105131_llc-kepdraw.png datacol=None ploterr=False errcol=SAP_FLUX_ERR quality=False lcolor=#363636 lwidth=1.0 fcolor=#a8a7a7 falpha=0.2 labelsize=20 ticksize=14 xsize=18.0 ysize=6.0 fullrange=False chooserange=False ymin=0 ymax=10000.0 plotgrid=False ylabel=e$^-$ s$^{-1}$ plottype=fast verbose=False logfile=kepdraw.log

--------------------------------------------------------------
KEPDRAW --  infile=data\fits\kplr010471515-2009166043257_llc.fits outfile=data\fits\kplr010471515-2009166043257_llc-kepdraw.png datacol=None ploterr=False errcol=SAP_FLUX_ERR quality=False lcolor=#363636 lwidth=1.0 fcolor=#a8a7a7 falpha=0.2 labelsize=20 ticksize=14 xsize=18.0 ysize=6.0 fullrange=False chooserange=False ymin=0 ymax=10000.0 plotgrid=False ylabel=e$^-$ s$^{-1}$ plottype=fast verbose=False logfile=kepdraw.log

--------------------------------------------------------------
KEPDRAW --  infile=data\fits\kplr010471515-2009259160929_llc.fits outfile=data\fits\kplr010471515-2009259160929_llc-kepdraw.png datacol=None ploterr=False errcol=SAP_FLUX_ERR quality=False lcolor=#363636 lwidth=1.0 fcolor=#a8a7a7 falpha=0.2 labelsize=20 ticksize=14 xsize=18.0 ysize=6.0 fullrange=False chooserange=False ymin=0 ymax=10000.0 plotgrid=False ylabel=e$^-$ s$^{-1}$ plottype=fast verbose=False logfile=kepdraw.log

--------------------------------------------------------------
KEPDRAW --  infile=data\fits\kplr010471515-2009350155506_llc.fits outfile=data\fits\kplr010471515-2009350155506_llc-kepdraw.png datacol=None ploterr=False errcol=SAP_FLUX_ERR quality=False lcolor=#363636 lwidth=1.0 fcolor=#a8a7a7 falpha=0.2 labelsize=20 ticksize=14 xsize=18.0 ysize=6.0 fullrange=False chooserange=False ymin=0 ymax=10000.0 plotgrid=False ylabel=e$^-$ s$^{-1}$ plottype=fast verbose=False logfile=kepdraw.log

--------------------------------------------------------------
KEPDRAW --  infile=data\fits\kplr010471515-2010078095331_llc.fits outfile=data\fits\kplr010471515-2010078095331_llc-kepdraw.png datacol=None ploterr=False errcol=SAP_FLUX_ERR quality=False lcolor=#363636 lwidth=1.0 fcolor=#a8a7a7 falpha=0.2 labelsize=20 ticksize=14 xsize=18.0 ysize=6.0 fullrange=False chooserange=False ymin=0 ymax=10000.0 plotgrid=False ylabel=e$^-$ s$^{-1}$ plottype=fast verbose=False logfile=kepdraw.log

--------------------------------------------------------------
KEPDRAW --  infile=data\fits\kplr010471515-2010078095331_llc.fits outfile=data\fits\kplr010471515-2010078095331_llc-kepdraw.png datacol=None ploterr=False errcol=SAP_FLUX_ERR quality=False lcolor=#363636 lwidth=1.0 fcolor=#a8a7a7 falpha=0.2 labelsize=20 ticksize=14 xsize=18.0 ysize=6.0 fullrange=False chooserange=False ymin=0 ymax=10000.0 plotgrid=False ylabel=e$^-$ s$^{-1}$ plottype=fast verbose=False logfile=kepdraw.log

--------------------------------------------------------------
KEPDRAW --  infile=data\fits\kplr010471515-2010078095331_llc_FLATTENED.fits outfile=data\fits\kplr010471515-2010078095331_llc_FLATTENED-kepdraw.png datacol=None ploterr=False errcol=SAP_FLUX_ERR quality=False lcolor=#363636 lwidth=1.0 fcolor=#a8a7a7 falpha=0.2 labelsize=20 ticksize=14 xsize=18.0 ysize=6.0 fullrange=False chooserange=False ymin=0 ymax=10000.0 plotgrid=False ylabel=e$^-$ s$^{-1}$ plottype=fast verbose=False logfile=kepdraw.log

--------------------------------------------------------------
KEPDRAW --  infile=data\fits\kplr010471515-2010078095331_llc.fits outfile=data\fits\kplr010471515-2010078095331_llc-kepdraw.png datacol=None ploterr=False errcol=SAP_FLUX_ERR quality=False lcolor=#363636 lwidth=1.0 fcolor=#a8a7a7 falpha=0.2 labelsize=20 ticksize=14 xsize=18.0 ysize=6.0 fullrange=False chooserange=False ymin=0 ymax=10000.0 plotgrid=False ylabel=e$^-$ s$^{-1}$ plottype=pretty verbose=False logfile=kepdraw.log

--------------------------------------------------------------
KEPDRAW --  infile=data\fits\kplr010471515-2010078095331_llc.fits outfile=data\fits\kplr010471515-2010078095331_llc-kepdraw.png datacol=None ploterr=False errcol=SAP_FLUX_ERR quality=False lcolor=#363636 lwidth=1.0 fcolor=#a8a7a7 falpha=0.2 labelsize=20 ticksize=14 xsize=18.0 ysize=6.0 fullrange=False chooserange=False ymin=0 ymax=10000.0 plotgrid=False ylabel=e$^-$ s$^{-1}$ plottype=pretty verbose=False logfile=kepdraw.log

--------------------------------------------------------------
KEPDRAW --  infile=data\fits\kplr010471515-2010078095331_llc_FLATTENED.fits outfile=data\fits\kplr010471515-2010078095331_llc_FLATTENED-kepdraw.png datacol=None ploterr=False errcol=SAP_FLUX_ERR quality=False lcolor=#363636 lwidth=1.0 fcolor=#a8a7a7 falpha=0.2 labelsize=20 ticksize=14 xsize=18.0 ysize=6.0 fullrange=False chooserange=False ymin=0 ymax=10000.0 plotgrid=False ylabel=e$^-$ s$^{-1}$ plottype=pretty verbose=False logfile=kepdraw.log

--------------------------------------------------------------
KEPDRAW --  infile=data\fits\kplr010471515-2010078095331_llc.fits outfile=data\fits\kplr010471515-2010078095331_llc-kepdraw.png datacol=None ploterr=False errcol=SAP_FLUX_ERR quality=False lcolor=#363636 lwidth=1.0 fcolor=#a8a7a7 falpha=0.2 labelsize=20 ticksize=14 xsize=18.0 ysize=6.0 fullrange=False chooserange=False ymin=0 ymax=10000.0 plotgrid=False ylabel=e$^-$ s$^{-1}$ plottype=pretty verbose=False logfile=kepdraw.log

--------------------------------------------------------------
KEPDRAW --  infile=data\fits\kplr010000162-2012179063303_llc.fits outfile=data\fits\kplr010000162-2012179063303_llc-kepdraw.png datacol=None ploterr=False errcol=SAP_FLUX_ERR quality=False lcolor=#363636 lwidth=1.0 fcolor=#a8a7a7 falpha=0.2 labelsize=20 ticksize=14 xsize=18.0 ysize=6.0 fullrange=False chooserange=False ymin=0 ymax=10000.0 plotgrid=False ylabel=e$^-$ s$^{-1}$ plottype=pretty verbose=False logfile=kepdraw.log

--------------------------------------------------------------
KEPDRAW --  infile=data\fits\kplr010000162-2012179063303_llc.fits outfile=data\fits\kplr010000162-2012179063303_llc-kepdraw.png datacol=PDCSAP_FLUX ploterr=False errcol=SAP_FLUX_ERR quality=False lcolor=#363636 lwidth=1.0 fcolor=#a8a7a7 falpha=0.2 labelsize=20 ticksize=14 xsize=18.0 ysize=6.0 fullrange=False chooserange=False ymin=0 ymax=10000.0 plotgrid=False ylabel=e$^-$ s$^{-1}$ plottype=fast verbose=False logfile=kepdraw.log

--------------------------------------------------------------
KEPDRAW --  infile=data\fits\kplr010000162-2012179063303_llc.fits outfile=data\fits\kplr010000162-2012179063303_llc-kepdraw.png datacol=PDCSAP_FLUX ploterr=False errcol=SAP_FLUX_ERR quality=False lcolor=#363636 lwidth=1.0 fcolor=#a8a7a7 falpha=0.2 labelsize=20 ticksize=14 xsize=18.0 ysize=6.0 fullrange=False chooserange=False ymin=0 ymax=10000.0 plotgrid=False ylabel=e$^-$ s$^{-1}$ plottype=fast verbose=False logfile=kepdraw.log

--------------------------------------------------------------
KEPDRAW --  infile=data\fits\kplr010000162-2012179063303_llc.fits outfile=data\fits\kplr010000162-2012179063303_llc-kepdraw.png datacol=PDCSAP_FLUX ploterr=False errcol=SAP_FLUX_ERR quality=False lcolor=#363636 lwidth=1.0 fcolor=#a8a7a7 falpha=0.2 labelsize=20 ticksize=14 xsize=18.0 ysize=6.0 fullrange=False chooserange=False ymin=0 ymax=10000.0 plotgrid=False ylabel=e$^-$ s$^{-1}$ plottype=fast verbose=False logfile=kepdraw.log

--------------------------------------------------------------
KEPDRAW --  infile=data\fits\kplr010000162-2012179063303_llc_FLATTENED.fits outfile=data\fits\kplr010000162-2012179063303_llc_FLATTENED-kepdraw.png datacol=PDCSAP_FLUX ploterr=False errcol=SAP_FLUX_ERR quality=False lcolor=#363636 lwidth=1.0 fcolor=#a8a7a7 falpha=0.2 labelsize=20 ticksize=14 xsize=18.0 ysize=6.0 fullrange=False chooserange=False ymin=0 ymax=10000.0 plotgrid=False ylabel=e$^-$ s$^{-1}$ plottype=fast verbose=False logfile=kepdraw.log

--------------------------------------------------------------
KEPDRAW --  infile=data\fits\kplr010000162-2012179063303_llc.fits outfile=data\fits\kplr010000162-2012179063303_llc-kepdraw.png datacol=PDCSAP_FLUX ploterr=False errcol=SAP_FLUX_ERR quality=False lcolor=#363636 lwidth=1.0 fcolor=#a8a7a7 falpha=0.2 labelsize=20 ticksize=14 xsize=18.0 ysize=6.0 fullrange=False chooserange=False ymin=0 ymax=10000.0 plotgrid=False ylabel=e$^-$ s$^{-1}$ plottype=fast verbose=False logfile=kepdraw.log

--------------------------------------------------------------
KEPDRAW --  infile=data\fits\kplr010000162-2012179063303_llc.fits outfile=data\fits\kplr010000162-2012179063303_llc-kepdraw.png datacol=PDCSAP_FLUX ploterr=False errcol=SAP_FLUX_ERR quality=False lcolor=#363636 lwidth=1.0 fcolor=#a8a7a7 falpha=0.2 labelsize=20 ticksize=14 xsize=18.0 ysize=6.0 fullrange=False chooserange=False ymin=0 ymax=10000.0 plotgrid=False ylabel=e$^-$ s$^{-1}$ plottype=fast verbose=False logfile=kepdraw.log

--------------------------------------------------------------
KEPDRAW --  infile=data\fits\kplr010000162-2012179063303_llc_FLATTENED.fits outfile=data\fits\kplr010000162-2012179063303_llc_FLATTENED-kepdraw.png datacol=DETSAP_FLUX ploterr=False errcol=SAP_FLUX_ERR quality=False lcolor=#363636 lwidth=1.0 fcolor=#a8a7a7 falpha=0.2 labelsize=20 ticksize=14 xsize=18.0 ysize=6.0 fullrange=False chooserange=False ymin=0 ymax=10000.0 plotgrid=False ylabel=e$^-$ s$^{-1}$ plottype=fast verbose=False logfile=kepdraw.log

--------------------------------------------------------------
KEPDRAW --  infile=data\fits\kplr010000162-2012179063303_llc.fits outfile=data\fits\kplr010000162-2012179063303_llc-kepdraw.png datacol=PDCSAP_FLUX ploterr=False errcol=SAP_FLUX_ERR quality=False lcolor=#363636 lwidth=1.0 fcolor=#a8a7a7 falpha=0.2 labelsize=20 ticksize=14 xsize=18.0 ysize=6.0 fullrange=False chooserange=False ymin=0 ymax=10000.0 plotgrid=False ylabel=e$^-$ s$^{-1}$ plottype=pretty verbose=False logfile=kepdraw.log

--------------------------------------------------------------
KEPDRAW --  infile=data\fits\kplr010000162-2012179063303_llc_FLATTENED.fits outfile=data\fits\kplr010000162-2012179063303_llc_FLATTENED-kepdraw.png datacol=DETSAP_FLUX ploterr=False errcol=SAP_FLUX_ERR quality=False lcolor=#363636 lwidth=1.0 fcolor=#a8a7a7 falpha=0.2 labelsize=20 ticksize=14 xsize=18.0 ysize=6.0 fullrange=False chooserange=False ymin=0 ymax=10000.0 plotgrid=False ylabel=e$^-$ s$^{-1}$ plottype=pretty verbose=False logfile=kepdraw.log

--------------------------------------------------------------
KEPDRAW --  infile=data\fits\kplr010000162-2012179063303_llc.fits outfile=data\fits\kplr010000162-2012179063303_llc-kepdraw.png datacol=PDCSAP_FLUX ploterr=False errcol=SAP_FLUX_ERR quality=False lcolor=#363636 lwidth=1.0 fcolor=#a8a7a7 falpha=0.2 labelsize=20 ticksize=14 xsize=18.0 ysize=6.0 fullrange=False chooserange=False ymin=0 ymax=10000.0 plotgrid=False ylabel=e$^-$ s$^{-1}$ plottype=pretty verbose=False logfile=kepdraw.log

--------------------------------------------------------------
KEPDRAW --  infile=data\fits\kplr010000162-2012179063303_llc_FLATTENED.fits outfile=data\fits\kplr010000162-2012179063303_llc_FLATTENED-kepdraw.png datacol=DETSAP_FLUX ploterr=False errcol=SAP_FLUX_ERR quality=False lcolor=#363636 lwidth=1.0 fcolor=#a8a7a7 falpha=0.2 labelsize=20 ticksize=14 xsize=18.0 ysize=6.0 fullrange=False chooserange=False ymin=0 ymax=10000.0 plotgrid=False ylabel=e$^-$ s$^{-1}$ plottype=pretty verbose=False logfile=kepdraw.log

--------------------------------------------------------------
KEPDRAW --  infile=data\fits\kplr010027247-2012179063303_llc.fits outfile=data\fits\kplr010027247-2012179063303_llc-kepdraw.png datacol=PDCSAP_FLUX ploterr=False errcol=SAP_FLUX_ERR quality=False lcolor=#363636 lwidth=1.0 fcolor=#a8a7a7 falpha=0.2 labelsize=20 ticksize=14 xsize=18.0 ysize=6.0 fullrange=False chooserange=False ymin=0 ymax=10000.0 plotgrid=False ylabel=e$^-$ s$^{-1}$ plottype=pretty verbose=False logfile=kepdraw.log

--------------------------------------------------------------
KEPDRAW --  infile=data\fits\kplr010027247-2012179063303_llc.fits outfile=data\fits\kplr010027247-2012179063303_llc-kepdraw.png datacol=PDCSAP_FLUX ploterr=False errcol=SAP_FLUX_ERR quality=False lcolor=#363636 lwidth=1.0 fcolor=#a8a7a7 falpha=0.2 labelsize=20 ticksize=14 xsize=18.0 ysize=6.0 fullrange=False chooserange=False ymin=0 ymax=10000.0 plotgrid=False ylabel=e$^-$ s$^{-1}$ plottype=pretty verbose=False logfile=kepdraw.log

--------------------------------------------------------------
KEPDRAW --  infile=data\fits\kplr010027247-2012179063303_llc.fits outfile=data\fits\kplr010027247-2012179063303_llc-kepdraw.png datacol=PDCSAP_FLUX ploterr=False errcol=SAP_FLUX_ERR quality=False lcolor=#363636 lwidth=1.0 fcolor=#a8a7a7 falpha=0.2 labelsize=20 ticksize=14 xsize=18.0 ysize=6.0 fullrange=False chooserange=False ymin=0 ymax=10000.0 plotgrid=False ylabel=e$^-$ s$^{-1}$ plottype=pretty verbose=False logfile=kepdraw.log

--------------------------------------------------------------
KEPDRAW --  infile=data\fits\kplr010027247-2012179063303_llc.fits outfile=data\fits\kplr010027247-2012179063303_llc-kepdraw.png datacol=PDCSAP_FLUX ploterr=False errcol=SAP_FLUX_ERR quality=False lcolor=#363636 lwidth=1.0 fcolor=#a8a7a7 falpha=0.2 labelsize=20 ticksize=14 xsize=18.0 ysize=6.0 fullrange=False chooserange=False ymin=0 ymax=10000.0 plotgrid=False ylabel=e$^-$ s$^{-1}$ plottype=pretty verbose=False logfile=kepdraw.log

--------------------------------------------------------------
KEPDRAW --  infile=data\fits\kplr010027247-2012179063303_llcFLATTENED.fits outfile=data\fits\kplr010027247-2012179063303_llcFLATTENED-kepdraw.png datacol=DETSAP_FLUX ploterr=False errcol=SAP_FLUX_ERR quality=False lcolor=#363636 lwidth=1.0 fcolor=#a8a7a7 falpha=0.2 labelsize=20 ticksize=14 xsize=18.0 ysize=6.0 fullrange=False chooserange=False ymin=0 ymax=10000.0 plotgrid=False ylabel=e$^-$ s$^{-1}$ plottype=pretty verbose=False logfile=kepdraw.log

--------------------------------------------------------------
KEPDRAW --  infile=data\fits\kplr010027247-2012179063303_llc.fits outfile=data\fits\kplr010027247-2012179063303_llc-kepdraw.png datacol=PDCSAP_FLUX ploterr=False errcol=SAP_FLUX_ERR quality=False lcolor=#363636 lwidth=1.0 fcolor=#a8a7a7 falpha=0.2 labelsize=20 ticksize=14 xsize=18.0 ysize=6.0 fullrange=False chooserange=False ymin=0 ymax=10000.0 plotgrid=False ylabel=e$^-$ s$^{-1}$ plottype=pretty verbose=False logfile=kepdraw.log

--------------------------------------------------------------
KEPDRAW --  infile=data\fits\kplr010027247-2012179063303_llcFLATTENED.fits outfile=data\fits\kplr010027247-2012179063303_llcFLATTENED-kepdraw.png datacol=DETSAP_FLUX ploterr=False errcol=SAP_FLUX_ERR quality=False lcolor=#363636 lwidth=1.0 fcolor=#a8a7a7 falpha=0.2 labelsize=20 ticksize=14 xsize=18.0 ysize=6.0 fullrange=False chooserange=False ymin=0 ymax=10000.0 plotgrid=False ylabel=e$^-$ s$^{-1}$ plottype=pretty verbose=False logfile=kepdraw.log

--------------------------------------------------------------
KEPDRAW --  infile=data\fits\kplr010027247-2012179063303_llc.fits outfile=data\fits\kplr010027247-2012179063303_llc-kepdraw.png datacol=PDCSAP_FLUX ploterr=False errcol=SAP_FLUX_ERR quality=False lcolor=#363636 lwidth=1.0 fcolor=#a8a7a7 falpha=0.2 labelsize=20 ticksize=14 xsize=18.0 ysize=6.0 fullrange=False chooserange=False ymin=0 ymax=10000.0 plotgrid=False ylabel=e$^-$ s$^{-1}$ plottype=pretty verbose=False logfile=kepdraw.log

--------------------------------------------------------------
KEPDRAW --  infile=data\fits\kplr010027247-2012179063303_llcFLATTENED.fits outfile=data\fits\kplr010027247-2012179063303_llcFLATTENED-kepdraw.png datacol=DETSAP_FLUX ploterr=False errcol=SAP_FLUX_ERR quality=False lcolor=#363636 lwidth=1.0 fcolor=#a8a7a7 falpha=0.2 labelsize=20 ticksize=14 xsize=18.0 ysize=6.0 fullrange=False chooserange=False ymin=0 ymax=10000.0 plotgrid=False ylabel=e$^-$ s$^{-1}$ plottype=pretty verbose=False logfile=kepdraw.log

--------------------------------------------------------------
KEPDRAW --  infile=data\fits\kplr010027247-2012179063303_llc.fits outfile=data\fits\kplr010027247-2012179063303_llc-kepdraw.png datacol=PDCSAP_FLUX ploterr=False errcol=SAP_FLUX_ERR quality=False lcolor=#363636 lwidth=1.0 fcolor=#a8a7a7 falpha=0.2 labelsize=20 ticksize=14 xsize=18.0 ysize=6.0 fullrange=False chooserange=False ymin=0 ymax=10000.0 plotgrid=False ylabel=e$^-$ s$^{-1}$ plottype=pretty verbose=False logfile=kepdraw.log

--------------------------------------------------------------
KEPDRAW --  infile=data\fits\kplr010027247-2012179063303_llcFLATTENED.fits outfile=data\fits\kplr010027247-2012179063303_llcFLATTENED-kepdraw.png datacol=DETSAP_FLUX ploterr=False errcol=SAP_FLUX_ERR quality=False lcolor=#363636 lwidth=1.0 fcolor=#a8a7a7 falpha=0.2 labelsize=20 ticksize=14 xsize=18.0 ysize=6.0 fullrange=False chooserange=False ymin=0 ymax=10000.0 plotgrid=False ylabel=e$^-$ s$^{-1}$ plottype=pretty verbose=False logfile=kepdraw.log

--------------------------------------------------------------
KEPDRAW --  infile=data\fits\kplr010027247-2012179063303_llc.fits outfile=data\fits\kplr010027247-2012179063303_llc-kepdraw.png datacol=PDCSAP_FLUX ploterr=False errcol=SAP_FLUX_ERR quality=False lcolor=#363636 lwidth=1.0 fcolor=#a8a7a7 falpha=0.2 labelsize=20 ticksize=14 xsize=18.0 ysize=6.0 fullrange=False chooserange=False ymin=0 ymax=10000.0 plotgrid=False ylabel=e$^-$ s$^{-1}$ plottype=pretty verbose=False logfile=kepdraw.log

--------------------------------------------------------------
KEPDRAW --  infile=data\fits\kplr010027247-2012179063303_llcFLATTENED.fits outfile=data\fits\kplr010027247-2012179063303_llcFLATTENED-kepdraw.png datacol=DETSAP_FLUX ploterr=False errcol=SAP_FLUX_ERR quality=False lcolor=#363636 lwidth=1.0 fcolor=#a8a7a7 falpha=0.2 labelsize=20 ticksize=14 xsize=18.0 ysize=6.0 fullrange=False chooserange=False ymin=0 ymax=10000.0 plotgrid=False ylabel=e$^-$ s$^{-1}$ plottype=pretty verbose=False logfile=kepdraw.log

--------------------------------------------------------------
KEPDRAW --  infile=data\fits\kplr010027247-2012179063303_llc.fits outfile=data\fits\kplr010027247-2012179063303_llc-kepdraw.png datacol=PDCSAP_FLUX ploterr=False errcol=SAP_FLUX_ERR quality=False lcolor=#363636 lwidth=1.0 fcolor=#a8a7a7 falpha=0.2 labelsize=20 ticksize=14 xsize=18.0 ysize=6.0 fullrange=False chooserange=False ymin=0 ymax=10000.0 plotgrid=False ylabel=e$^-$ s$^{-1}$ plottype=pretty verbose=False logfile=kepdraw.log

--------------------------------------------------------------
KEPDRAW --  infile=data\fits\kplr010027247-2012179063303_llcFLATTENED.fits outfile=data\fits\kplr010027247-2012179063303_llcFLATTENED-kepdraw.png datacol=DETSAP_FLUX ploterr=False errcol=SAP_FLUX_ERR quality=False lcolor=#363636 lwidth=1.0 fcolor=#a8a7a7 falpha=0.2 labelsize=20 ticksize=14 xsize=18.0 ysize=6.0 fullrange=False chooserange=False ymin=0 ymax=10000.0 plotgrid=False ylabel=e$^-$ s$^{-1}$ plottype=pretty verbose=False logfile=kepdraw.log

--------------------------------------------------------------
KEPDRAW --  infile=data\fits\kplr010027247-2012179063303_llc.fits outfile=data\fits\kplr010027247-2012179063303_llc-kepdraw.png datacol=PDCSAP_FLUX ploterr=False errcol=SAP_FLUX_ERR quality=False lcolor=#363636 lwidth=1.0 fcolor=#a8a7a7 falpha=0.2 labelsize=20 ticksize=14 xsize=18.0 ysize=6.0 fullrange=False chooserange=False ymin=0 ymax=10000.0 plotgrid=False ylabel=e$^-$ s$^{-1}$ plottype=pretty verbose=False logfile=kepdraw.log

--------------------------------------------------------------
KEPDRAW --  infile=data\fits\kplr010027247-2012179063303_llcFLATTENED.fits outfile=data\fits\kplr010027247-2012179063303_llcFLATTENED-kepdraw.png datacol=DETSAP_FLUX ploterr=False errcol=SAP_FLUX_ERR quality=False lcolor=#363636 lwidth=1.0 fcolor=#a8a7a7 falpha=0.2 labelsize=20 ticksize=14 xsize=18.0 ysize=6.0 fullrange=False chooserange=False ymin=0 ymax=10000.0 plotgrid=False ylabel=e$^-$ s$^{-1}$ plottype=pretty verbose=False logfile=kepdraw.log

--------------------------------------------------------------
KEPDRAW --  infile=data\fits\kplr010027247-2012179063303_llc.fits outfile=data\fits\kplr010027247-2012179063303_llc-kepdraw.png datacol=PDCSAP_FLUX ploterr=False errcol=SAP_FLUX_ERR quality=False lcolor=#363636 lwidth=1.0 fcolor=#a8a7a7 falpha=0.2 labelsize=20 ticksize=14 xsize=18.0 ysize=6.0 fullrange=False chooserange=False ymin=0 ymax=10000.0 plotgrid=False ylabel=e$^-$ s$^{-1}$ plottype=pretty verbose=False logfile=kepdraw.log

--------------------------------------------------------------
KEPDRAW --  infile=data\fits\kplr010027247-2012179063303_llcFLATTENED.fits outfile=data\fits\kplr010027247-2012179063303_llcFLATTENED-kepdraw.png datacol=DETSAP_FLUX ploterr=False errcol=SAP_FLUX_ERR quality=False lcolor=#363636 lwidth=1.0 fcolor=#a8a7a7 falpha=0.2 labelsize=20 ticksize=14 xsize=18.0 ysize=6.0 fullrange=False chooserange=False ymin=0 ymax=10000.0 plotgrid=False ylabel=e$^-$ s$^{-1}$ plottype=pretty verbose=False logfile=kepdraw.log

--------------------------------------------------------------
KEPDRAW --  infile=data\fits\kplr010027247-2012179063303_llc.fits outfile=data\fits\kplr010027247-2012179063303_llc-kepdraw.png datacol=PDCSAP_FLUX ploterr=False errcol=SAP_FLUX_ERR quality=False lcolor=#363636 lwidth=1.0 fcolor=#a8a7a7 falpha=0.2 labelsize=20 ticksize=14 xsize=18.0 ysize=6.0 fullrange=False chooserange=False ymin=0 ymax=10000.0 plotgrid=False ylabel=e$^-$ s$^{-1}$ plottype=pretty verbose=False logfile=kepdraw.log

--------------------------------------------------------------
KEPDRAW --  infile=data\fits\kplr010027247-2012179063303_llcFLATTENED.fits outfile=data\fits\kplr010027247-2012179063303_llcFLATTENED-kepdraw.png datacol=DETSAP_FLUX ploterr=False errcol=SAP_FLUX_ERR quality=False lcolor=#363636 lwidth=1.0 fcolor=#a8a7a7 falpha=0.2 labelsize=20 ticksize=14 xsize=18.0 ysize=6.0 fullrange=False chooserange=False ymin=0 ymax=10000.0 plotgrid=False ylabel=e$^-$ s$^{-1}$ plottype=pretty verbose=False logfile=kepdraw.log

