KEPFOLD -- Searching for periods in headers.
ERROR -- KEPFOLD: No period information found. Either specifyperiod and BJD0 or run KEPBLS.
--------------------------------------------------------------
KEPFOLD --  infile=data\fits\kplr010000162-2012179063303_llc_FLATTENED.fits outfile=data\fits\kplr010000162-2012179063303_llc_FOLDED.fits period=0.653534 bjd0=2455372.883 bindata=True datacol=SAP_FLUX noninteractive= overwrite=False verbose=False logfile=kepfold.log

Writing output file data\fits\kplr010000162-2012179063303_llc_FOLDED.fits...
--------------------------------------------------------------
KEPFOLD --  infile=data\fits\kplr010000162-2012179063303_llc_FLATTENED.fits outfile=data\fits\kplr010000162-2012179063303_llc_FOLDED.fits period=0.653534 bjd0=2455372.883 bindata=True datacol=SAP_FLUX noninteractive= overwrite=False verbose=False logfile=kepfold.log

ERROR -- KEPFOLD: data\fits\kplr010000162-2012179063303_llc_FOLDED.fits exists. Use --overwrite
--------------------------------------------------------------
KEPFOLD --  infile=data\fits\kplr010000162-2012179063303_llc_FLATTENED.fits outfile=data\fits\kplr010000162-2012179063303_llc_FOLDED.fits period=0.653534 bjd0=2455372.883 bindata=True datacol=SAP_FLUX noninteractive= overwrite=False verbose=False logfile=kepfold.log

Writing output file data\fits\kplr010000162-2012179063303_llc_FOLDED.fits...
--------------------------------------------------------------
KEPFOLD --  infile=data\fits\kplr010000162-2012179063303_llc_FLATTENED.fits outfile=data\fits\kplr010000162-2012179063303_llc_FLATTENED-kepfold.fits period=0.653534 bjd0=2455372.883 bindata=True datacol=SAP_FLUX noninteractive= overwrite=False verbose=False logfile=kepfold.log

Writing output file data\fits\kplr010000162-2012179063303_llc_FLATTENED-kepfold.fits...
--------------------------------------------------------------
KEPFOLD --  infile=data\fits\kplr010000162-2012179063303_llc_FLATTENED.fits outfile=folded period=0.653534 bjd0=2455372.883 bindata=True datacol=SAP_FLUX noninteractive= overwrite=False verbose=False logfile=kepfold.log

Writing output file folded...
--------------------------------------------------------------
KEPFOLD --  infile=data\fits\kplr010027247-2012179063303_llcFLATTENED.fits outfile=kplr010027247-2012179063303_llcFOLDED.fits period=0.653534 bjd0=2455372.883 bindata=True datacol=SAP_FLUX noninteractive= overwrite=False verbose=False logfile=kepfold.log

Writing output file kplr010027247-2012179063303_llcFOLDED.fits...
--------------------------------------------------------------
KEPFOLD --  infile=data\fits\kplr010027247-2012179063303_llcFLATTENED.fits outfile=kplr010027247-2012179063303_llcFOLDED.fits period=0.653534 bjd0=2455372.883 bindata=True datacol=SAP_FLUX noninteractive= overwrite=False verbose=False logfile=kepfold.log

ERROR -- KEPFOLD: kplr010027247-2012179063303_llcFOLDED.fits exists. Use --overwrite
--------------------------------------------------------------
KEPFOLD --  infile=data\fits\kplr010027247-2012179063303_llcFLATTENED.fits outfile=kplr010027247-2012179063303_llcFOLDED.fits period=0.653534 bjd0=2455372.883 bindata=True datacol=SAP_FLUX noninteractive= overwrite=True verbose=False logfile=kepfold.log

Writing output file kplr010027247-2012179063303_llcFOLDED.fits...
--------------------------------------------------------------
KEPFOLD --  infile=data\fits\kplr010027247-2012179063303_llcFLATTENED.fits outfile=kplr010027247-2012179063303_llcFOLDED.fits period=0.653534 bjd0=2455372.883 bindata=True datacol=SAP_FLUX noninteractive= overwrite=True verbose=False logfile=kepfold.log

--------------------------------------------------------------
KEPFOLD --  infile=data\fits\kplr010027247-2012179063303_llcFLATTENED.fits outfile=kplr010027247-2012179063303_llcFOLDED.fits period=0.653534 bjd0=2455372.883 bindata=True datacol=SAP_FLUX noninteractive= overwrite=True verbose=False logfile=kepfold.log

Writing output file kplr010027247-2012179063303_llcFOLDED.fits...
--------------------------------------------------------------
KEPFOLD --  infile=data\fits\kplr010027247-2012179063303_llcFLATTENED.fits outfile=kplr010027247-2012179063303_llcFOLDED period=0.653534 bjd0=2455372.883 bindata=True datacol=SAP_FLUX noninteractive= overwrite=True verbose=False logfile=kepfold.log

Writing output file kplr010027247-2012179063303_llcFOLDED...
--------------------------------------------------------------
KEPFOLD --  infile=data\fits\kplr010027247-2012179063303_llcFLATTENED.fits outfile=kplr010027247-2012179063303_llcFOLDED.fits period=0.653534 bjd0=2455372.883 bindata=True datacol=SAP_FLUX noninteractive= overwrite=False verbose=False logfile=kepfold.log

ERROR -- KEPFOLD: kplr010027247-2012179063303_llcFOLDED.fits exists. Use --overwrite
--------------------------------------------------------------
KEPFOLD --  infile=data\fits\kplr010027247-2012179063303_llcFLATTENED.fits outfile=data\fits\kplr010027247-2012179063303_llcFOLDED.fits period=0.653534 bjd0=2455372.883 bindata=True datacol=SAP_FLUX noninteractive= overwrite=False verbose=False logfile=kepfold.log

Writing output file data\fits\kplr010027247-2012179063303_llcFOLDED.fits...
